
INCIDENT #1 - 2025-10-29 00:42:07
Files staged: 159
VS Code PIDs: 93982
Git index modified: 1761716526
Processes accessing .git/index:
---

INCIDENT #2 - 2025-10-29 08:25:24
Files staged: 8209
VS Code PIDs: 6515
Git index modified: 
Processes accessing .git/index:
---

INCIDENT #3 - 2025-10-29 09:51:03
Files staged: 8212
VS Code PIDs: 6515
Git index modified: 
Processes accessing .git/index:
---

INCIDENT #4 - 2025-10-29 16:02:30
Files staged: 8212
VS Code PIDs: 91743
Git index modified: 1761771728
Processes accessing .git/index:
---

INCIDENT #5 - 2025-10-31 12:52:48
Files staged: 8692
VS Code PIDs: 14234
Git index modified: 
Processes accessing .git/index:
---

INCIDENT #6 - 2025-10-31 16:25:30
Files staged: 8717
VS Code PIDs: 81077
Git index modified: 
Processes accessing .git/index:
---

INCIDENT #7 - 2025-10-31 16:45:37
Files staged: 8717
VS Code PIDs: 88233
Git index modified: 
Processes accessing .git/index:
---

INCIDENT #8 - 2025-10-31 17:43:28
Files staged: 8717
VS Code PIDs: 88233
Git index modified: 
Processes accessing .git/index:
---

INCIDENT #9 - 2025-10-31 20:48:19
Files staged: 8680
VS Code PIDs: 22088
Git index modified: 1761961698
Processes accessing .git/index:
---

INCIDENT #10 - 2025-11-01 23:24:08
Files staged: 8824
VS Code PIDs: 73963
Git index modified: 
Processes accessing .git/index:
---

INCIDENT #11 - 2025-11-02 13:01:56
Files staged: 8867
VS Code PIDs: 73963
Git index modified: 
Processes accessing .git/index:
---

INCIDENT #12 - 2025-11-03 09:57:19
Files staged: 8867
VS Code PIDs: 96088
Git index modified: 
Processes accessing .git/index:
---

INCIDENT #13 - 2025-11-03 09:58:15
Files staged: 8867
VS Code PIDs: 96088
Git index modified: 1762185497
Processes accessing .git/index:
---

INCIDENT #14 - 2025-11-03 09:58:49
Files staged: 8867
VS Code PIDs: 96088
Git index modified: 1762185533
Processes accessing .git/index:
---
